# JRE version: OpenJDK Runtime Environment (17.0.10) (build 17.0.10+0--11572160)
# Java VM: OpenJDK 64-Bit Server VM (17.0.10+0--11572160, mixed mode, tiered, compressed oops, compressed class ptrs, g1 gc, windows-amd64)
GC Precious Log:
 CPUs: 4 total, 4 available
 Memory: 20353M
 Large Page Support: Disabled
 NUMA Support: Disabled
 Compressed Oops: Enabled (32-bit)
 Heap Region Size: 1M
 Heap Min Capacity: 8M
 Heap Initial Capacity: 320M
 Heap Max Capacity: 2G
 Pre-touch: Disabled
 Parallel Workers: 4
 Concurrent Workers: 1
 Concurrent Refinement Workers: 4
 Periodic GC: Disabled
Heap:
 garbage-first heap   total 80896K, used 45550K [0x0000000080000000, 0x0000000100000000)
  region size 1024K, 5 young (5120K), 1 survivors (1024K)
 Metaspace       used 55096K, committed 55616K, reserved 1114112K
  class space    used 7451K, committed 7680K, reserved 1048576K
GC Heap History (20 events):
Event: 59.195 GC heap before
{Heap before GC invocations=11 (full 0):
 garbage-first heap   total 68608K, used 53368K [0x0000000080000000, 0x0000000100000000)
  region size 1024K, 29 young (29696K), 4 survivors (4096K)
 Metaspace       used 42308K, committed 42816K, reserved 1114112K
  class space    used 5640K, committed 5888K, reserved 1048576K
}
Event: 59.216 GC heap after
{Heap after GC invocations=12 (full 0):
 garbage-first heap   total 68608K, used 29024K [0x0000000080000000, 0x0000000100000000)
  region size 1024K, 2 young (2048K), 2 survivors (2048K)
 Metaspace       used 42308K, committed 42816K, reserved 1114112K
  class space    used 5640K, committed 5888K, reserved 1048576K
}
Event: 62.715 GC heap before
{Heap before GC invocations=12 (full 0):
 garbage-first heap   total 68608K, used 52576K [0x0000000080000000, 0x0000000100000000)
  region size 1024K, 26 young (26624K), 2 survivors (2048K)
 Metaspace       used 44894K, committed 45376K, reserved 1114112K
  class space    used 6057K, committed 6272K, reserved 1048576K
}
Event: 62.719 GC heap after
{Heap after GC invocations=13 (full 0):
 garbage-first heap   total 68608K, used 29949K [0x0000000080000000, 0x0000000100000000)
  region size 1024K, 3 young (3072K), 3 survivors (3072K)
 Metaspace       used 44894K, committed 45376K, reserved 1114112K
  class space    used 6057K, committed 6272K, reserved 1048576K
}
Event: 64.826 GC heap before
{Heap before GC invocations=13 (full 0):
 garbage-first heap   total 68608K, used 53501K [0x0000000080000000, 0x0000000100000000)
  region size 1024K, 26 young (26624K), 3 survivors (3072K)
 Metaspace       used 47606K, committed 48064K, reserved 1114112K
  class space    used 6506K, committed 6720K, reserved 1048576K
}
Event: 64.833 GC heap after
{Heap after GC invocations=14 (full 0):
 garbage-first heap   total 68608K, used 31037K [0x0000000080000000, 0x0000000100000000)
  region size 1024K, 3 young (3072K), 3 survivors (3072K)
 Metaspace       used 47606K, committed 48064K, reserved 1114112K
  class space    used 6506K, committed 6720K, reserved 1048576K
}
Event: 65.789 GC heap before
{Heap before GC invocations=14 (full 0):
 garbage-first heap   total 68608K, used 45373K [0x0000000080000000, 0x0000000100000000)
  region size 1024K, 18 young (18432K), 3 survivors (3072K)
 Metaspace       used 49328K, committed 49856K, reserved 1114112K
  class space    used 6791K, committed 7040K, reserved 1048576K
}
Event: 65.793 GC heap after
{Heap after GC invocations=15 (full 0):
 garbage-first heap   total 68608K, used 32465K [0x0000000080000000, 0x0000000100000000)
  region size 1024K, 3 young (3072K), 3 survivors (3072K)
 Metaspace       used 49328K, committed 49856K, reserved 1114112K
  class space    used 6791K, committed 7040K, reserved 1048576K
}
Event: 67.865 GC heap before
{Heap before GC invocations=15 (full 0):
 garbage-first heap   total 68608K, used 54993K [0x0000000080000000, 0x0000000100000000)
  region size 1024K, 25 young (25600K), 3 survivors (3072K)
 Metaspace       used 52441K, committed 52928K, reserved 1114112K
  class space    used 7153K, committed 7360K, reserved 1048576K
}
Event: 67.978 GC heap after
{Heap after GC invocations=16 (full 0):
 garbage-first heap   total 68608K, used 32346K [0x0000000080000000, 0x0000000100000000)
  region size 1024K, 3 young (3072K), 3 survivors (3072K)
 Metaspace       used 52441K, committed 52928K, reserved 1114112K
  class space    used 7153K, committed 7360K, reserved 1048576K
}
Event: 92.360 GC heap before
{Heap before GC invocations=16 (full 0):
 garbage-first heap   total 68608K, used 54874K [0x0000000080000000, 0x0000000100000000)
  region size 1024K, 25 young (25600K), 3 survivors (3072K)
 Metaspace       used 53738K, committed 54272K, reserved 1114112K
  class space    used 7311K, committed 7552K, reserved 1048576K
}
Event: 92.370 GC heap after
{Heap after GC invocations=17 (full 0):
 garbage-first heap   total 68608K, used 34168K [0x0000000080000000, 0x0000000100000000)
  region size 1024K, 4 young (4096K), 4 survivors (4096K)
 Metaspace       used 53738K, committed 54272K, reserved 1114112K
  class space    used 7311K, committed 7552K, reserved 1048576K
}
Event: 100.910 GC heap before
{Heap before GC invocations=17 (full 0):
 garbage-first heap   total 68608K, used 54648K [0x0000000080000000, 0x0000000100000000)
  region size 1024K, 24 young (24576K), 4 survivors (4096K)
 Metaspace       used 54370K, committed 54848K, reserved 1114112K
  class space    used 7380K, committed 7616K, reserved 1048576K
}
Event: 100.928 GC heap after
{Heap after GC invocations=18 (full 0):
 garbage-first heap   total 68608K, used 35123K [0x0000000080000000, 0x0000000100000000)
  region size 1024K, 2 young (2048K), 2 survivors (2048K)
 Metaspace       used 54370K, committed 54848K, reserved 1114112K
  class space    used 7380K, committed 7616K, reserved 1048576K
}
Event: 106.620 GC heap before
{Heap before GC invocations=19 (full 0):
 garbage-first heap   total 68608K, used 54579K [0x0000000080000000, 0x0000000100000000)
  region size 1024K, 22 young (22528K), 2 survivors (2048K)
 Metaspace       used 54674K, committed 55104K, reserved 1114112K
  class space    used 7413K, committed 7616K, reserved 1048576K
}
Event: 106.630 GC heap after
{Heap after GC invocations=20 (full 0):
 garbage-first heap   total 68608K, used 38409K [0x0000000080000000, 0x0000000100000000)
  region size 1024K, 3 young (3072K), 3 survivors (3072K)
 Metaspace       used 54674K, committed 55104K, reserved 1114112K
  class space    used 7413K, committed 7616K, reserved 1048576K
}
Event: 108.612 GC heap before
{Heap before GC invocations=20 (full 0):
 garbage-first heap   total 68608K, used 53769K [0x0000000080000000, 0x0000000100000000)
  region size 1024K, 19 young (19456K), 3 survivors (3072K)
 Metaspace       used 54815K, committed 55296K, reserved 1114112K
  class space    used 7413K, committed 7616K, reserved 1048576K
}
Event: 108.621 GC heap after
{Heap after GC invocations=21 (full 0):
 garbage-first heap   total 68608K, used 39407K [0x0000000080000000, 0x0000000100000000)
  region size 1024K, 3 young (3072K), 3 survivors (3072K)
 Metaspace       used 54815K, committed 55296K, reserved 1114112K
  class space    used 7413K, committed 7616K, reserved 1048576K
}
Event: 110.388 GC heap before
{Heap before GC invocations=22 (full 0):
 garbage-first heap   total 80896K, used 52719K [0x0000000080000000, 0x0000000100000000)
  region size 1024K, 17 young (17408K), 3 survivors (3072K)
 Metaspace       used 55060K, committed 55552K, reserved 1114112K
  class space    used 7450K, committed 7680K, reserved 1048576K
}
Event: 110.394 GC heap after
{Heap after GC invocations=23 (full 0):
 garbage-first heap   total 80896K, used 40517K [0x0000000080000000, 0x0000000100000000)
  region size 1024K, 3 young (3072K), 3 survivors (3072K)
 Metaspace       used 55060K, committed 55552K, reserved 1114112K
  class space    used 7450K, committed 7680K, reserved 1048576K
}

